# ./configure --cross-compile --cross-prefix=mipsel-linux- --enable-shared
BASH=/bin/sh
BASH_ARGC=([0]="3")
BASH_ARGV=([0]="--enable-shared" [1]="--cross-prefix=mipsel-linux-" [2]="--cross-compile")
BASH_LINENO=([0]="0")
BASH_SOURCE=([0]="./configure")
BASH_VERSINFO=([0]="3" [1]="2" [2]="25" [3]="1" [4]="release" [5]="i386-redhat-linux-gnu")
BASH_VERSION='3.2.25(1)-release'
CCACHE_DIR=/var/cache/ccache
CCACHE_UMASK=002
COLORTERM=gnome-terminal
CONFIGFILE=config.mak
CVSROOT=:pserver:jiahao@192.168.39.250:/home/user/PROJECT
CVS_RSH=ssh
DBUS_SESSION_BUS_ADDRESS=unix:abstract=/tmp/dbus-L6Znx8s7Wb,guid=97108a0787288cbab1e308004b219f63
DESKTOP_SESSION=default
DESKTOP_STARTUP_ID=
DIRSTACK=()
DISPLAY=:0.0
EUID=0
GDMSESSION=default
GDM_LANG=en_US.UTF-8
GDM_XSERVER_LOCATION=local
GNOME_DESKTOP_SESSION_ID=Default
GNOME_KEYRING_PID=2167
GNOME_KEYRING_SOCKET=/tmp/keyring-HFYwAV/socket
GROUPS=()
GTK_MODULES=gnomebreakpad
GTK_RC_FILES=/etc/gtk/gtkrc:/root/.gtkrc-1.2-gnome2
G_BROKEN_FILENAMES=1
HISTSIZE=1000
HOME=/root
HOSTNAME=localhost.localdomain
HOSTTYPE=i386
IFS=' 	
'
INPUTRC=/etc/inputrc
INSTALL='/usr/bin/install -c'
LANG=en_US.UTF-8
LESSOPEN='|/usr/bin/lesspipe.sh %s'
LOGNAME=root
LS_COLORS='no=00:fi=00:di=00;34:ln=00;36:pi=40;33:so=00;35:bd=40;33;01:cd=40;33;01:or=01;05;37;41:mi=01;05;37;41:ex=00;32:*.cmd=00;32:*.exe=00;32:*.com=00;32:*.btm=00;32:*.bat=00;32:*.sh=00;32:*.csh=00;32:*.tar=00;31:*.tgz=00;31:*.arj=00;31:*.taz=00;31:*.lzh=00;31:*.zip=00;31:*.z=00;31:*.Z=00;31:*.gz=00;31:*.bz2=00;31:*.bz=00;31:*.tz=00;31:*.rpm=00;31:*.cpio=00;31:*.jpg=00;35:*.gif=00;35:*.bmp=00;35:*.xbm=00;35:*.xpm=00;35:*.png=00;35:*.tif=00;35:'
MACHTYPE=i386-redhat-linux-gnu
MAIL=/var/spool/mail/root
OPTERR=1
OPTIND=1
OSTYPE=linux-gnu
PATH=/opt/hndtools-mipsel-linux-uclibc-4.1.2-32/bin:/opt/hndtools-mipsel-linux-uclibc-4.1.2-32/bin:/usr/kerberos/sbin:/usr/kerberos/bin:/usr/lib/ccache:/opt/tools:/usr/local/sbin:/usr/local/bin:/sbin:/bin:/usr/sbin:/usr/bin:/usr/X11R6/bin:/root/bin
PIPESTATUS=([0]="0")
POSIXLY_CORRECT=y
PPID=3710
PREFIX=/usr/local
PS4='+ '
PWD=/root/RT-N1X/src/router/libdlna-0.2.3
RANDOM=30923
SESSION_MANAGER=local/unix:@/tmp/.ICE-unix/2168,unix/unix:/tmp/.ICE-unix/2168
SHELL=/bin/bash
SHELLOPTS=braceexpand:hashall:interactive-comments:posix
SHLVL=3
SSH_AGENT_PID=2225
SSH_ASKPASS=/usr/libexec/openssh/gnome-ssh-askpass
SSH_AUTH_SOCK=/tmp/ssh-cFVJTS2168/agent.2168
TERM=xterm
TMPC=/tmp/libdlna-23012-27207-14474.c
TMPDIR1=/tmp
TMPE=/tmp/libdlna-11054-27207-17830
TMPO=/tmp/libdlna-18589-27207-880.o
TMPS=/tmp/libdlna-5493-27207-30923.S
UID=0
USER=root
VERSION=
WINDOWID=39883187
WINDOWPATH=7
XAUTHORITY=/tmp/.gdm8SBR4U
XDG_DATA_DIRS=/usr/local/share/:/usr/share/:/usr/share/gdm/
XDG_SESSION_COOKIE=7548b8eabd6b326ae703d80047648a00-1260494691.70578-257963786
_=--enable-shared
ar=mipsel-linux-ar
cc=mipsel-linux-gcc
cpu=x86
cross_compile=yes
cross_prefix=mipsel-linux-
debug=no
dostrip=yes
extralibs=
includedir='$(PREFIX)/include'
installstrip=-s
libdir='$(PREFIX)/lib'
logfile=config.log
logging=yes
make=make
opt=--enable-shared
optimize=yes
optval=--enable-shared
ranlib=mipsel-linux-ranlib
shared=yes
static=yes
strip=mipsel-linux-strip
Checking for compiler available...
check_ld
check_cc
BEGIN /tmp/libdlna-23012-27207-14474.c
     1	int main(){
     2	    return 0;
     3	}
END /tmp/libdlna-23012-27207-14474.c
mipsel-linux-gcc -c -o /tmp/libdlna-18589-27207-880.o /tmp/libdlna-23012-27207-14474.c
mipsel-linux-gcc -o /tmp/libdlna-11054-27207-17830 /tmp/libdlna-18589-27207-880.o
check_header altivec.h
check_cpp
BEGIN /tmp/libdlna-23012-27207-14474.c
     1	#include <altivec.h>
     2	int x;
END /tmp/libdlna-23012-27207-14474.c
mipsel-linux-gcc -E -o /tmp/libdlna-18589-27207-880.o /tmp/libdlna-23012-27207-14474.c
/tmp/libdlna-23012-27207-14474.c:1:21: error: altivec.h: No such file or directory
check_cc -msse
BEGIN /tmp/libdlna-23012-27207-14474.c
     1	#include <xmmintrin.h>
     2	int main(void) {
     3	#if __GNUC__ > 3 || (__GNUC__ == 3 && __GNUC_MINOR__ >= 2)
     4	return 0;
     5	#else
     6	#error no vector builtins
     7	#endif
     8	}
END /tmp/libdlna-23012-27207-14474.c
mipsel-linux-gcc -msse -c -o /tmp/libdlna-18589-27207-880.o /tmp/libdlna-23012-27207-14474.c
cc1: error: unrecognized command line option "-msse"
check_cc -march=athlon
BEGIN /tmp/libdlna-23012-27207-14474.c
     1	#include <mm3dnow.h>
     2	int main(void) {
     3	__m64 b1;
     4	b1 = _m_pswapd(b1);
     5	_m_femms();
     6	return 0;
     7	}
END /tmp/libdlna-23012-27207-14474.c
mipsel-linux-gcc -march=athlon -c -o /tmp/libdlna-18589-27207-880.o /tmp/libdlna-23012-27207-14474.c
cc1: error: unrecognized command line option "-march=athlon"
check_cflags -W
check_cc -W
BEGIN /tmp/libdlna-23012-27207-14474.c
     1	int x;
END /tmp/libdlna-23012-27207-14474.c
mipsel-linux-gcc -W -c -o /tmp/libdlna-18589-27207-880.o /tmp/libdlna-23012-27207-14474.c
check_cflags -Wall
check_cc -Wall
BEGIN /tmp/libdlna-23012-27207-14474.c
     1	int x;
END /tmp/libdlna-23012-27207-14474.c
mipsel-linux-gcc -W -Wall -c -o /tmp/libdlna-18589-27207-880.o /tmp/libdlna-23012-27207-14474.c
check_cflags -D_LARGEFILE_SOURCE
check_cc -D_LARGEFILE_SOURCE
BEGIN /tmp/libdlna-23012-27207-14474.c
     1	int x;
END /tmp/libdlna-23012-27207-14474.c
mipsel-linux-gcc -W -Wall -D_LARGEFILE_SOURCE -c -o /tmp/libdlna-18589-27207-880.o /tmp/libdlna-23012-27207-14474.c
check_cflags -D_FILE_OFFSET_BITS=64
check_cc -D_FILE_OFFSET_BITS=64
BEGIN /tmp/libdlna-23012-27207-14474.c
     1	int x;
END /tmp/libdlna-23012-27207-14474.c
mipsel-linux-gcc -W -Wall -D_LARGEFILE_SOURCE -D_FILE_OFFSET_BITS=64 -c -o /tmp/libdlna-18589-27207-880.o /tmp/libdlna-23012-27207-14474.c
check_cflags -D_REENTRANT
check_cc -D_REENTRANT
BEGIN /tmp/libdlna-23012-27207-14474.c
     1	int x;
END /tmp/libdlna-23012-27207-14474.c
mipsel-linux-gcc -W -Wall -D_LARGEFILE_SOURCE -D_FILE_OFFSET_BITS=64 -D_REENTRANT -c -o /tmp/libdlna-18589-27207-880.o /tmp/libdlna-23012-27207-14474.c
Checking for libavformat ...
Checking for libavcodec ...
check_ld
check_cc
BEGIN /tmp/libdlna-23012-27207-14474.c
     1	#include <stdio.h>
     2	#include <dlna.h>
     3	int main(){
     4	  printf(DLNA_STRINGIFY(LIBDLNA_VERSION));
     5	  printf("\n");
     6	  return 0;
     7	}
END /tmp/libdlna-23012-27207-14474.c
mipsel-linux-gcc -W -Wall -D_LARGEFILE_SOURCE -D_FILE_OFFSET_BITS=64 -D_REENTRANT -O3 -Isrc -c -o /tmp/libdlna-18589-27207-880.o /tmp/libdlna-23012-27207-14474.c
mipsel-linux-gcc -o /tmp/libdlna-11054-27207-17830 /tmp/libdlna-18589-27207-880.o

libdlna: configure is OK
  version            
configuration:
  install prefix     /usr/local
  C compiler         mipsel-linux-gcc
  AR                 mipsel-linux-ar
  RANLIB             mipsel-linux-ranlib
  STRIP              mipsel-linux-strip
  make               make
  CPU                x86 ()
  debug symbols      no
  strip symbols      yes
  optimize           yes
  static             yes
  shared             yes

  CFLAGS              -W -Wall -D_LARGEFILE_SOURCE -D_FILE_OFFSET_BITS=64 -D_REENTRANT -O3
  LDFLAGS            
  extralibs          

Creating config.mak ...
