This file contains any messages produced by compilers while
running configure, to aid debugging if configure makes a mistake.

It was created by libusb configure 0.1.12, which was
generated by GNU Autoconf 2.61.  Invocation command line was

  $ ./configure CC=mipsel-uclibc-gcc --host=mipsel-linux RANLIB=mipsel-uclibc-ranlib AR=mipsel-uclibc-ar STRIP=mipsel-uclibc-strip CXX=mipsel-uclibc-g++ NM=mipsel-uclibc-nm prefix=/root/RT-N1X/src/router/mipsel-uclibc/install/libusb

## --------- ##
## Platform. ##
## --------- ##

hostname = localhost.localdomain
uname -m = i686
uname -r = 2.6.27.5-117.fc10.i686
uname -s = Linux
uname -v = #1 SMP Tue Nov 18 12:19:59 EST 2008

/usr/bin/uname -p = unknown
/bin/uname -X     = unknown

/bin/arch              = i686
/usr/bin/arch -k       = unknown
/usr/convex/getsysinfo = unknown
/usr/bin/hostinfo      = unknown
/bin/machine           = unknown
/usr/bin/oslevel       = unknown
/bin/universe          = unknown

PATH: /usr/kerberos/sbin
PATH: /usr/lib/qt-3.3/bin
PATH: /usr/kerberos/bin
PATH: /usr/lib/ccache
PATH: /usr/local/bin
PATH: /usr/bin
PATH: /bin
PATH: /usr/local/sbin
PATH: /usr/sbin
PATH: /sbin
PATH: /home/kustly/bin
PATH: /root/toolchains/tools
PATH: /root/toolchains/hndtools-mipsel-linux-uclibc-4.1.2-32/bin


## ----------- ##
## Core tests. ##
## ----------- ##

configure:2013: checking for a BSD-compatible install
configure:2069: result: /usr/bin/install -c
configure:2080: checking whether build environment is sane
configure:2123: result: yes
configure:2180: checking for gawk
configure:2196: found /usr/bin/gawk
configure:2207: result: gawk
configure:2218: checking whether make sets $(MAKE)
configure:2239: result: yes
configure:2318: checking for mipsel-linux-strip
configure:2345: result: mipsel-uclibc-strip
configure:2564: checking build system type
configure:2582: result: i686-redhat-linux-gnu
configure:2604: checking host system type
configure:2619: result: mipsel-unknown-linux-gnu
configure:2653: checking for style of include used by make
configure:2681: result: GNU
configure:2714: checking for mipsel-linux-gcc
configure:2741: result: mipsel-uclibc-gcc
configure:3019: checking for C compiler version
configure:3026: mipsel-uclibc-gcc --version >&5
mipsel-uclibc-gcc (GCC) 4.1.2
Copyright (C) 2006 Free Software Foundation, Inc.
This is free software; see the source for copying conditions.  There is NO
warranty; not even for MERCHANTABILITY or FITNESS FOR A PARTICULAR PURPOSE.

configure:3029: $? = 0
configure:3036: mipsel-uclibc-gcc -v >&5
Using built-in specs.
Target: mipsel-linux-uclibc
Configured with: /home/gracecsm/toolchains/buildroot/toolchain_build_mipsel/gcc-4.1.2/configure --prefix=/home/gracecsm/toolchains/hndtools-mipsel-linux-uclibc-4.1.2-32 --build=i386-pc-linux-gnu --host=i386-pc-linux-gnu --target=mipsel-linux-uclibc --enable-languages=c,c++ --disable-__cxa_atexit --enable-target-optspace --with-gnu-ld --enable-shared --disable-nls --enable-threads --disable-multilib --with-abi=32 --with-tune=mips32
Thread model: posix
gcc version 4.1.2
configure:3039: $? = 0
configure:3046: mipsel-uclibc-gcc -V >&5
mipsel-uclibc-gcc: '-V' option must have argument
configure:3049: $? = 1
configure:3072: checking for C compiler default output file name
configure:3099: mipsel-uclibc-gcc -DBCMWPA2 -DBCMWPS -D__CONFIG_EMF__ -D__CONFIG_IGMP_PROXY__   conftest.c  >&5
configure:3102: $? = 0
configure:3140: result: a.out
configure:3157: checking whether the C compiler works
configure:3167: ./a.out
./configure: line 3168: ./a.out: cannot execute binary file
configure:3170: $? = 126
configure:3187: result: yes
configure:3194: checking whether we are cross compiling
configure:3196: result: yes
configure:3199: checking for suffix of executables
configure:3206: mipsel-uclibc-gcc -o conftest -DBCMWPA2 -DBCMWPS -D__CONFIG_EMF__ -D__CONFIG_IGMP_PROXY__   conftest.c  >&5
configure:3209: $? = 0
configure:3233: result: 
configure:3239: checking for suffix of object files
configure:3265: mipsel-uclibc-gcc -c -DBCMWPA2 -DBCMWPS -D__CONFIG_EMF__ -D__CONFIG_IGMP_PROXY__  conftest.c >&5
configure:3268: $? = 0
configure:3291: result: o
configure:3295: checking whether we are using the GNU C compiler
configure:3324: mipsel-uclibc-gcc -c -DBCMWPA2 -DBCMWPS -D__CONFIG_EMF__ -D__CONFIG_IGMP_PROXY__  conftest.c >&5
configure:3330: $? = 0
configure:3347: result: yes
configure:3352: checking whether mipsel-uclibc-gcc accepts -g
configure:3382: mipsel-uclibc-gcc -c -g  conftest.c >&5
configure:3388: $? = 0
configure:3487: result: yes
configure:3504: checking for mipsel-uclibc-gcc option to accept ISO C89
configure:3578: mipsel-uclibc-gcc  -c -DBCMWPA2 -DBCMWPS -D__CONFIG_EMF__ -D__CONFIG_IGMP_PROXY__  conftest.c >&5
configure:3584: $? = 0
configure:3607: result: none needed
configure:3627: checking dependency style of mipsel-uclibc-gcc
configure:3712: result: gcc3
configure:3729: checking for a sed that does not truncate output
configure:3783: result: /bin/sed
configure:3786: checking for grep that handles long lines and -e
configure:3860: result: /bin/grep
configure:3865: checking for egrep
configure:3943: result: /bin/grep -E
configure:3959: checking for ld used by mipsel-uclibc-gcc
configure:4026: result: mipsel-uclibc-ld
configure:4035: checking if the linker (mipsel-uclibc-ld) is GNU ld
configure:4050: result: yes
configure:4055: checking for mipsel-uclibc-ld option to reload object files
configure:4062: result: -r
configure:4071: checking for BSD-compatible nm
configure:4113: result: mipsel-uclibc-nm
configure:4117: checking whether ln -s works
configure:4121: result: yes
configure:4128: checking how to recognise dependent libraries
configure:4311: result: pass_all
configure:4522: checking how to run the C preprocessor
configure:4562: mipsel-uclibc-gcc -E  conftest.c
configure:4568: $? = 0
configure:4599: mipsel-uclibc-gcc -E  conftest.c
conftest.c:15:28: error: ac_nonexistent.h: No such file or directory
configure:4605: $? = 1
configure: failed program was:
| /* confdefs.h.  */
| #define PACKAGE_NAME "libusb"
| #define PACKAGE_TARNAME "libusb"
| #define PACKAGE_VERSION "0.1.12"
| #define PACKAGE_STRING "libusb 0.1.12"
| #define PACKAGE_BUGREPORT ""
| #define PACKAGE "libusb"
| #define VERSION "0.1.12"
| #define LIBUSB_MAJOR_VERSION 0
| #define LIBUSB_MINOR_VERSION 1
| #define LIBUSB_MICRO_VERSION 12
| #define LIBUSB_INTERFACE_AGE 4
| #define LIBUSB_BINARY_AGE 8
| /* end confdefs.h.  */
| #include <ac_nonexistent.h>
configure:4638: result: mipsel-uclibc-gcc -E
configure:4667: mipsel-uclibc-gcc -E  conftest.c
configure:4673: $? = 0
configure:4704: mipsel-uclibc-gcc -E  conftest.c
conftest.c:15:28: error: ac_nonexistent.h: No such file or directory
configure:4710: $? = 1
configure: failed program was:
| /* confdefs.h.  */
| #define PACKAGE_NAME "libusb"
| #define PACKAGE_TARNAME "libusb"
| #define PACKAGE_VERSION "0.1.12"
| #define PACKAGE_STRING "libusb 0.1.12"
| #define PACKAGE_BUGREPORT ""
| #define PACKAGE "libusb"
| #define VERSION "0.1.12"
| #define LIBUSB_MAJOR_VERSION 0
| #define LIBUSB_MINOR_VERSION 1
| #define LIBUSB_MICRO_VERSION 12
| #define LIBUSB_INTERFACE_AGE 4
| #define LIBUSB_BINARY_AGE 8
| /* end confdefs.h.  */
| #include <ac_nonexistent.h>
configure:4748: checking for ANSI C header files
configure:4778: mipsel-uclibc-gcc -c -DBCMWPA2 -DBCMWPS -D__CONFIG_EMF__ -D__CONFIG_IGMP_PROXY__  conftest.c >&5
configure:4784: $? = 0
configure:4912: result: yes
configure:4936: checking for sys/types.h
configure:4957: mipsel-uclibc-gcc -c -DBCMWPA2 -DBCMWPS -D__CONFIG_EMF__ -D__CONFIG_IGMP_PROXY__  conftest.c >&5
configure:4963: $? = 0
configure:4979: result: yes
configure:4936: checking for sys/stat.h
configure:4957: mipsel-uclibc-gcc -c -DBCMWPA2 -DBCMWPS -D__CONFIG_EMF__ -D__CONFIG_IGMP_PROXY__  conftest.c >&5
configure:4963: $? = 0
configure:4979: result: yes
configure:4936: checking for stdlib.h
configure:4957: mipsel-uclibc-gcc -c -DBCMWPA2 -DBCMWPS -D__CONFIG_EMF__ -D__CONFIG_IGMP_PROXY__  conftest.c >&5
configure:4963: $? = 0
configure:4979: result: yes
configure:4936: checking for string.h
configure:4957: mipsel-uclibc-gcc -c -DBCMWPA2 -DBCMWPS -D__CONFIG_EMF__ -D__CONFIG_IGMP_PROXY__  conftest.c >&5
configure:4963: $? = 0
configure:4979: result: yes
configure:4936: checking for memory.h
configure:4957: mipsel-uclibc-gcc -c -DBCMWPA2 -DBCMWPS -D__CONFIG_EMF__ -D__CONFIG_IGMP_PROXY__  conftest.c >&5
configure:4963: $? = 0
configure:4979: result: yes
configure:4936: checking for strings.h
configure:4957: mipsel-uclibc-gcc -c -DBCMWPA2 -DBCMWPS -D__CONFIG_EMF__ -D__CONFIG_IGMP_PROXY__  conftest.c >&5
configure:4963: $? = 0
configure:4979: result: yes
configure:4936: checking for inttypes.h
configure:4957: mipsel-uclibc-gcc -c -DBCMWPA2 -DBCMWPS -D__CONFIG_EMF__ -D__CONFIG_IGMP_PROXY__  conftest.c >&5
configure:4963: $? = 0
configure:4979: result: yes
configure:4936: checking for stdint.h
configure:4957: mipsel-uclibc-gcc -c -DBCMWPA2 -DBCMWPS -D__CONFIG_EMF__ -D__CONFIG_IGMP_PROXY__  conftest.c >&5
configure:4963: $? = 0
configure:4979: result: yes
configure:4936: checking for unistd.h
configure:4957: mipsel-uclibc-gcc -c -DBCMWPA2 -DBCMWPS -D__CONFIG_EMF__ -D__CONFIG_IGMP_PROXY__  conftest.c >&5
configure:4963: $? = 0
configure:4979: result: yes
configure:5006: checking dlfcn.h usability
configure:5023: mipsel-uclibc-gcc -c -DBCMWPA2 -DBCMWPS -D__CONFIG_EMF__ -D__CONFIG_IGMP_PROXY__  conftest.c >&5
configure:5029: $? = 0
configure:5043: result: yes
configure:5047: checking dlfcn.h presence
configure:5062: mipsel-uclibc-gcc -E  conftest.c
configure:5068: $? = 0
configure:5082: result: yes
configure:5110: checking for dlfcn.h
configure:5118: result: yes
configure:5247: checking for C++ compiler version
configure:5254: mipsel-uclibc-g++ --version >&5
mipsel-uclibc-g++ (GCC) 4.1.2
Copyright (C) 2006 Free Software Foundation, Inc.
This is free software; see the source for copying conditions.  There is NO
warranty; not even for MERCHANTABILITY or FITNESS FOR A PARTICULAR PURPOSE.

configure:5257: $? = 0
configure:5264: mipsel-uclibc-g++ -v >&5
Using built-in specs.
Target: mipsel-linux-uclibc
Configured with: /home/gracecsm/toolchains/buildroot/toolchain_build_mipsel/gcc-4.1.2/configure --prefix=/home/gracecsm/toolchains/hndtools-mipsel-linux-uclibc-4.1.2-32 --build=i386-pc-linux-gnu --host=i386-pc-linux-gnu --target=mipsel-linux-uclibc --enable-languages=c,c++ --disable-__cxa_atexit --enable-target-optspace --with-gnu-ld --enable-shared --disable-nls --enable-threads --disable-multilib --with-abi=32 --with-tune=mips32
Thread model: posix
gcc version 4.1.2
configure:5267: $? = 0
configure:5274: mipsel-uclibc-g++ -V >&5
mipsel-uclibc-g++: '-V' option must have argument
configure:5277: $? = 1
configure:5280: checking whether we are using the GNU C++ compiler
configure:5309: mipsel-uclibc-g++ -c   conftest.cpp >&5
configure:5315: $? = 0
configure:5332: result: yes
configure:5337: checking whether mipsel-uclibc-g++ accepts -g
configure:5367: mipsel-uclibc-g++ -c -g  conftest.cpp >&5
configure:5373: $? = 0
configure:5472: result: yes
configure:5497: checking dependency style of mipsel-uclibc-g++
configure:5582: result: gcc3
configure:5604: checking how to run the C++ preprocessor
configure:5640: mipsel-uclibc-g++ -E  conftest.cpp
configure:5646: $? = 0
configure:5677: mipsel-uclibc-g++ -E  conftest.cpp
conftest.cpp:26:28: error: ac_nonexistent.h: No such file or directory
configure:5683: $? = 1
configure: failed program was:
| /* confdefs.h.  */
| #define PACKAGE_NAME "libusb"
| #define PACKAGE_TARNAME "libusb"
| #define PACKAGE_VERSION "0.1.12"
| #define PACKAGE_STRING "libusb 0.1.12"
| #define PACKAGE_BUGREPORT ""
| #define PACKAGE "libusb"
| #define VERSION "0.1.12"
| #define LIBUSB_MAJOR_VERSION 0
| #define LIBUSB_MINOR_VERSION 1
| #define LIBUSB_MICRO_VERSION 12
| #define LIBUSB_INTERFACE_AGE 4
| #define LIBUSB_BINARY_AGE 8
| #define STDC_HEADERS 1
| #define HAVE_SYS_TYPES_H 1
| #define HAVE_SYS_STAT_H 1
| #define HAVE_STDLIB_H 1
| #define HAVE_STRING_H 1
| #define HAVE_MEMORY_H 1
| #define HAVE_STRINGS_H 1
| #define HAVE_INTTYPES_H 1
| #define HAVE_STDINT_H 1
| #define HAVE_UNISTD_H 1
| #define HAVE_DLFCN_H 1
| /* end confdefs.h.  */
| #include <ac_nonexistent.h>
configure:5716: result: mipsel-uclibc-g++ -E
configure:5745: mipsel-uclibc-g++ -E  conftest.cpp
configure:5751: $? = 0
configure:5782: mipsel-uclibc-g++ -E  conftest.cpp
conftest.cpp:26:28: error: ac_nonexistent.h: No such file or directory
configure:5788: $? = 1
configure: failed program was:
| /* confdefs.h.  */
| #define PACKAGE_NAME "libusb"
| #define PACKAGE_TARNAME "libusb"
| #define PACKAGE_VERSION "0.1.12"
| #define PACKAGE_STRING "libusb 0.1.12"
| #define PACKAGE_BUGREPORT ""
| #define PACKAGE "libusb"
| #define VERSION "0.1.12"
| #define LIBUSB_MAJOR_VERSION 0
| #define LIBUSB_MINOR_VERSION 1
| #define LIBUSB_MICRO_VERSION 12
| #define LIBUSB_INTERFACE_AGE 4
| #define LIBUSB_BINARY_AGE 8
| #define STDC_HEADERS 1
| #define HAVE_SYS_TYPES_H 1
| #define HAVE_SYS_STAT_H 1
| #define HAVE_STDLIB_H 1
| #define HAVE_STRING_H 1
| #define HAVE_MEMORY_H 1
| #define HAVE_STRINGS_H 1
| #define HAVE_INTTYPES_H 1
| #define HAVE_STDINT_H 1
| #define HAVE_UNISTD_H 1
| #define HAVE_DLFCN_H 1
| /* end confdefs.h.  */
| #include <ac_nonexistent.h>
configure:5835: checking for mipsel-linux-g77
configure:5865: result: no
configure:5835: checking for mipsel-linux-xlf
configure:5865: result: no
configure:5835: checking for mipsel-linux-f77
configure:5865: result: no
configure:5835: checking for mipsel-linux-frt
configure:5865: result: no
configure:5835: checking for mipsel-linux-pgf77
configure:5865: result: no
configure:5835: checking for mipsel-linux-cf77
configure:5865: result: no
configure:5835: checking for mipsel-linux-fort77
configure:5865: result: no
configure:5835: checking for mipsel-linux-fl32
configure:5865: result: no
configure:5835: checking for mipsel-linux-af77
configure:5865: result: no
configure:5835: checking for mipsel-linux-xlf90
configure:5865: result: no
configure:5835: checking for mipsel-linux-f90
configure:5865: result: no
configure:5835: checking for mipsel-linux-pgf90
configure:5865: result: no
configure:5835: checking for mipsel-linux-pghpf
configure:5865: result: no
configure:5835: checking for mipsel-linux-epcf90
configure:5865: result: no
configure:5835: checking for mipsel-linux-gfortran
configure:5865: result: no
configure:5835: checking for mipsel-linux-g95
configure:5865: result: no
configure:5835: checking for mipsel-linux-xlf95
configure:5865: result: no
configure:5835: checking for mipsel-linux-f95
configure:5865: result: no
configure:5835: checking for mipsel-linux-fort
configure:5865: result: no
configure:5835: checking for mipsel-linux-ifort
configure:5865: result: no
configure:5835: checking for mipsel-linux-ifc
configure:5865: result: no
configure:5835: checking for mipsel-linux-efc
configure:5865: result: no
configure:5835: checking for mipsel-linux-pgf95
configure:5865: result: no
configure:5835: checking for mipsel-linux-lf95
configure:5865: result: no
configure:5835: checking for mipsel-linux-ftn
configure:5865: result: no
configure:5879: checking for g77
configure:5909: result: no
configure:5879: checking for xlf
configure:5909: result: no
configure:5879: checking for f77
configure:5909: result: no
configure:5879: checking for frt
configure:5909: result: no
configure:5879: checking for pgf77
configure:5909: result: no
configure:5879: checking for cf77
configure:5909: result: no
configure:5879: checking for fort77
configure:5909: result: no
configure:5879: checking for fl32
configure:5909: result: no
configure:5879: checking for af77
configure:5909: result: no
configure:5879: checking for xlf90
configure:5909: result: no
configure:5879: checking for f90
configure:5909: result: no
configure:5879: checking for pgf90
configure:5909: result: no
configure:5879: checking for pghpf
configure:5909: result: no
configure:5879: checking for epcf90
configure:5909: result: no
configure:5879: checking for gfortran
configure:5895: found /usr/bin/gfortran
configure:5906: result: gfortran
configure:5924: WARNING: In the future, Autoconf will not detect cross-tools
whose name does not start with the host triplet.  If you think this
configuration is useful to you, please write to autoconf@gnu.org.
configure:5936: checking for Fortran 77 compiler version
configure:5943: gfortran --version >&5
GNU Fortran (GCC) 4.3.2 20081105 (Red Hat 4.3.2-7)
Copyright (C) 2008 Free Software Foundation, Inc.

GNU Fortran comes with NO WARRANTY, to the extent permitted by law.
You may redistribute copies of GNU Fortran
under the terms of the GNU General Public License.
For more information about these matters, see the file named COPYING

configure:5946: $? = 0
configure:5953: gfortran -v >&5
Using built-in specs.
Target: i386-redhat-linux
Configured with: ../configure --prefix=/usr --mandir=/usr/share/man --infodir=/usr/share/info --with-bugurl=http://bugzilla.redhat.com/bugzilla --enable-bootstrap --enable-shared --enable-threads=posix --enable-checking=release --with-system-zlib --enable-__cxa_atexit --disable-libunwind-exceptions --enable-languages=c,c++,objc,obj-c++,java,fortran,ada --enable-java-awt=gtk --disable-dssi --enable-plugin --with-java-home=/usr/lib/jvm/java-1.5.0-gcj-1.5.0.0/jre --enable-libgcj-multifile --enable-java-maintainer-mode --with-ecj-jar=/usr/share/java/eclipse-ecj.jar --disable-libjava-multilib --with-cpu=generic --build=i386-redhat-linux
Thread model: posix
gcc version 4.3.2 20081105 (Red Hat 4.3.2-7) (GCC) 
configure:5956: $? = 0
configure:5963: gfortran -V >&5
gfortran: '-V' option must have argument
configure:5966: $? = 1
configure:5974: checking whether we are using the GNU Fortran 77 compiler
configure:5993: gfortran -c  conftest.F >&5
configure:5999: $? = 0
configure:6016: result: yes
configure:6022: checking whether gfortran accepts -g
configure:6039: gfortran -c -g conftest.f >&5
configure:6045: $? = 0
configure:6061: result: yes
configure:6091: checking the maximum length of command line arguments
configure:6156: result: 32768
configure:6167: checking command to parse mipsel-uclibc-nm output from mipsel-uclibc-gcc object
configure:6256: mipsel-uclibc-gcc -c -DBCMWPA2 -DBCMWPS -D__CONFIG_EMF__ -D__CONFIG_IGMP_PROXY__  conftest.c >&5
configure:6259: $? = 0
configure:6263: mipsel-uclibc-nm conftest.o \| sed -n -e 's/^.*[ 	]\([ABCDGIRSTW][ABCDGIRSTW]*\)[ 	][ 	]*\(\)\([_A-Za-z][_A-Za-z0-9]*\)$/\1 \2\3 \3/p' \> conftest.nm
configure:6266: $? = 0
configure:6318: mipsel-uclibc-gcc -o conftest -DBCMWPA2 -DBCMWPS -D__CONFIG_EMF__ -D__CONFIG_IGMP_PROXY__   conftest.c conftstm.o >&5
configure:6321: $? = 0
configure:6359: result: ok
configure:6363: checking for objdir
configure:6378: result: .libs
configure:6430: checking for mipsel-linux-ar
configure:6457: result: mipsel-uclibc-ar
configure:6526: checking for mipsel-linux-ranlib
configure:6553: result: mipsel-uclibc-ranlib
configure:6622: checking for mipsel-linux-strip
configure:6649: result: mipsel-uclibc-strip
configure:6965: checking if mipsel-uclibc-gcc static flag  works
configure:6988: result: yes
configure:7006: checking if mipsel-uclibc-gcc supports -fno-rtti -fno-exceptions
configure:7024: mipsel-uclibc-gcc -c -DBCMWPA2 -DBCMWPS -D__CONFIG_EMF__ -D__CONFIG_IGMP_PROXY__  -fno-rtti -fno-exceptions conftest.c >&5
cc1: warning: command line option "-fno-rtti" is valid for C++/ObjC++ but not for C
configure:7028: $? = 0
configure:7039: result: no
configure:7054: checking for mipsel-uclibc-gcc option to produce PIC
configure:7231: result: -fPIC
configure:7239: checking if mipsel-uclibc-gcc PIC flag -fPIC works
configure:7257: mipsel-uclibc-gcc -c -DBCMWPA2 -DBCMWPS -D__CONFIG_EMF__ -D__CONFIG_IGMP_PROXY__  -fPIC -DPIC conftest.c >&5
configure:7261: $? = 0
configure:7272: result: yes
configure:7296: checking if mipsel-uclibc-gcc supports -c -o file.o
configure:7317: mipsel-uclibc-gcc -c -DBCMWPA2 -DBCMWPS -D__CONFIG_EMF__ -D__CONFIG_IGMP_PROXY__  -o out/conftest2.o conftest.c >&5
configure:7321: $? = 0
configure:7341: result: yes
configure:7367: checking whether the mipsel-uclibc-gcc linker (mipsel-uclibc-ld) supports shared libraries
configure:8211: result: yes
configure:8237: checking whether -lc should be explicitly linked in
configure:8242: mipsel-uclibc-gcc -c -DBCMWPA2 -DBCMWPS -D__CONFIG_EMF__ -D__CONFIG_IGMP_PROXY__  conftest.c >&5
configure:8245: $? = 0
configure:8259: mipsel-uclibc-gcc -shared conftest.o  -v -Wl,-soname -Wl,conftest -o conftest 2\>\&1 \| grep  -lc  \>/dev/null 2\>\&1
configure:8262: $? = 0
configure:8274: result: no
configure:8282: checking dynamic linker characteristics
configure:8843: result: GNU/Linux ld.so
configure:8847: checking how to hardcode library paths into programs
configure:8872: result: immediate
configure:8886: checking whether stripping libraries is possible
configure:8891: result: yes
configure:9688: checking if libtool supports shared libraries
configure:9690: result: yes
configure:9693: checking whether to build shared libraries
configure:9751: result: yes
configure:9754: checking whether to build static libraries
configure:9758: result: yes
configure:9850: creating libtool
configure:10397: checking for ld used by mipsel-uclibc-g++
configure:10464: result: mipsel-uclibc-ld
configure:10473: checking if the linker (mipsel-uclibc-ld) is GNU ld
configure:10488: result: yes
configure:10539: checking whether the mipsel-uclibc-g++ linker (mipsel-uclibc-ld) supports shared libraries
configure:11363: result: yes
configure:11381: mipsel-uclibc-g++ -c -g -O2  conftest.cc >&5
configure:11384: $? = 0
configure:11480: checking for mipsel-uclibc-g++ option to produce PIC
configure:11732: result: -fPIC
configure:11740: checking if mipsel-uclibc-g++ PIC flag -fPIC works
configure:11758: mipsel-uclibc-g++ -c -g -O2  -fPIC -DPIC conftest.cc >&5
configure:11762: $? = 0
configure:11773: result: yes
configure:11797: checking if mipsel-uclibc-g++ supports -c -o file.o
configure:11818: mipsel-uclibc-g++ -c -g -O2  -o out/conftest2.o conftest.cc >&5
configure:11822: $? = 0
configure:11842: result: yes
configure:11868: checking whether the mipsel-uclibc-g++ linker (mipsel-uclibc-ld) supports shared libraries
configure:11893: result: yes
configure:11964: checking dynamic linker characteristics
configure:12525: result: GNU/Linux ld.so
configure:12529: checking how to hardcode library paths into programs
configure:12554: result: immediate
configure:12568: checking whether stripping libraries is possible
configure:12573: result: yes
configure:13847: checking if libtool supports shared libraries
configure:13849: result: yes
configure:13852: checking whether to build shared libraries
configure:13870: result: yes
configure:13873: checking whether to build static libraries
configure:13877: result: yes
configure:13889: checking for gfortran option to produce PIC
configure:14066: result: -fPIC
configure:14074: checking if gfortran PIC flag -fPIC works
configure:14092: gfortran -c -g -O2 -fPIC conftest.f >&5
configure:14096: $? = 0
configure:14107: result: yes
configure:14131: checking if gfortran supports -c -o file.o
configure:14152: gfortran -c -g -O2 -o out/conftest2.o conftest.f >&5
configure:14156: $? = 0
configure:14176: result: yes
configure:14202: checking whether the gfortran linker (mipsel-uclibc-ld) supports shared libraries
configure:15026: result: yes
configure:15097: checking dynamic linker characteristics
configure:15658: result: GNU/Linux ld.so
configure:15662: checking how to hardcode library paths into programs
configure:15687: result: immediate
configure:15701: checking whether stripping libraries is possible
configure:15706: result: yes
configure:19780: checking for what USB OS support
configure:19798: result: Linux
configure:19919: checking for mipsel-linux-gcc
configure:19946: result: mipsel-uclibc-gcc
configure:20224: checking for C compiler version
configure:20231: mipsel-uclibc-gcc --version >&5
mipsel-uclibc-gcc (GCC) 4.1.2
Copyright (C) 2006 Free Software Foundation, Inc.
This is free software; see the source for copying conditions.  There is NO
warranty; not even for MERCHANTABILITY or FITNESS FOR A PARTICULAR PURPOSE.

configure:20234: $? = 0
configure:20241: mipsel-uclibc-gcc -v >&5
Using built-in specs.
Target: mipsel-linux-uclibc
Configured with: /home/gracecsm/toolchains/buildroot/toolchain_build_mipsel/gcc-4.1.2/configure --prefix=/home/gracecsm/toolchains/hndtools-mipsel-linux-uclibc-4.1.2-32 --build=i386-pc-linux-gnu --host=i386-pc-linux-gnu --target=mipsel-linux-uclibc --enable-languages=c,c++ --disable-__cxa_atexit --enable-target-optspace --with-gnu-ld --enable-shared --disable-nls --enable-threads --disable-multilib --with-abi=32 --with-tune=mips32
Thread model: posix
gcc version 4.1.2
configure:20244: $? = 0
configure:20251: mipsel-uclibc-gcc -V >&5
mipsel-uclibc-gcc: '-V' option must have argument
configure:20254: $? = 1
configure:20257: checking whether we are using the GNU C compiler
configure:20309: result: yes
configure:20314: checking whether mipsel-uclibc-gcc accepts -g
configure:20449: result: yes
configure:20466: checking for mipsel-uclibc-gcc option to accept ISO C89
configure:20569: result: none needed
configure:20589: checking dependency style of mipsel-uclibc-gcc
configure:20674: result: gcc3
configure:20692: checking whether mipsel-uclibc-gcc and cc understand -c and -o together
configure:20727: mipsel-uclibc-gcc -c conftest.cpp -o conftest2.o >&5
configure:20730: $? = 0
configure:20736: mipsel-uclibc-gcc -c conftest.cpp -o conftest2.o >&5
configure:20739: $? = 0
configure:20750: cc -c conftest.cpp >&5
configure:20753: $? = 0
configure:20761: cc -c conftest.cpp -o conftest2.o >&5
configure:20764: $? = 0
configure:20770: cc -c conftest.cpp -o conftest2.o >&5
configure:20773: $? = 0
configure:20791: result: yes
configure:20829: checking for a BSD-compatible install
configure:20885: result: /usr/bin/install -c
configure:20906: checking for ANSI C header files
configure:21070: result: yes
configure:21086: checking for vprintf
configure:21142: mipsel-uclibc-g++ -o conftest -g -O2   conftest.cpp  >&5
configure:21148: $? = 0
configure:21166: result: yes
configure:21173: checking for _doprnt
configure:21229: mipsel-uclibc-g++ -o conftest -g -O2   conftest.cpp  >&5
/tmp/cc0EHUf5.o: In function `main':
/root/RT-N1X/src/router/libusb/conftest.cpp:65: undefined reference to `_doprnt'
collect2: ld returned 1 exit status
configure:21235: $? = 1
configure: failed program was:
| /* confdefs.h.  */
| #define PACKAGE_NAME "libusb"
| #define PACKAGE_TARNAME "libusb"
| #define PACKAGE_VERSION "0.1.12"
| #define PACKAGE_STRING "libusb 0.1.12"
| #define PACKAGE_BUGREPORT ""
| #define PACKAGE "libusb"
| #define VERSION "0.1.12"
| #define LIBUSB_MAJOR_VERSION 0
| #define LIBUSB_MINOR_VERSION 1
| #define LIBUSB_MICRO_VERSION 12
| #define LIBUSB_INTERFACE_AGE 4
| #define LIBUSB_BINARY_AGE 8
| #define STDC_HEADERS 1
| #define HAVE_SYS_TYPES_H 1
| #define HAVE_SYS_STAT_H 1
| #define HAVE_STDLIB_H 1
| #define HAVE_STRING_H 1
| #define HAVE_MEMORY_H 1
| #define HAVE_STRINGS_H 1
| #define HAVE_INTTYPES_H 1
| #define HAVE_STDINT_H 1
| #define HAVE_UNISTD_H 1
| #define HAVE_DLFCN_H 1
| #define LINUX_API 1
| #define BSD_API 0
| #define DARWIN_API 0
| #define STDC_HEADERS 1
| #define HAVE_VPRINTF 1
| /* end confdefs.h.  */
| /* Define _doprnt to an innocuous variant, in case <limits.h> declares _doprnt.
|    For example, HP-UX 11i <limits.h> declares gettimeofday.  */
| #define _doprnt innocuous__doprnt
| 
| /* System header to define __stub macros and hopefully few prototypes,
|     which can conflict with char _doprnt (); below.
|     Prefer <limits.h> to <assert.h> if __STDC__ is defined, since
|     <limits.h> exists even on freestanding compilers.  */
| 
| #ifdef __STDC__
| # include <limits.h>
| #else
| # include <assert.h>
| #endif
| 
| #undef _doprnt
| 
| /* Override any GCC internal prototype to avoid an error.
|    Use char because int might match the return type of a GCC
|    builtin and then its argument prototype would still apply.  */
| #ifdef __cplusplus
| extern "C"
| #endif
| char _doprnt ();
| /* The GNU C library defines this for functions which it implements
|     to always fail with ENOSYS.  Some functions are actually named
|     something starting with __ and the normal name is an alias.  */
| #if defined __stub__doprnt || defined __stub____doprnt
| choke me
| #endif
| 
| int
| main ()
| {
| return _doprnt ();
|   ;
|   return 0;
| }
configure:21252: result: no
configure:21267: checking for an ANSI C-conforming const
configure:21342: mipsel-uclibc-g++ -c -g -O2  conftest.cpp >&5
configure:21348: $? = 0
configure:21363: result: yes
configure:21374: checking whether byte ordering is bigendian
configure:21407: mipsel-uclibc-g++ -c -g -O2  conftest.cpp >&5
configure:21413: $? = 0
configure:21445: mipsel-uclibc-g++ -c -g -O2  conftest.cpp >&5
conftest.cpp: In function 'int main()':
conftest.cpp:38: error: 'big' was not declared in this scope
conftest.cpp:38: error: expected `;' before 'endian'
configure:21451: $? = 1
configure: failed program was:
| /* confdefs.h.  */
| #define PACKAGE_NAME "libusb"
| #define PACKAGE_TARNAME "libusb"
| #define PACKAGE_VERSION "0.1.12"
| #define PACKAGE_STRING "libusb 0.1.12"
| #define PACKAGE_BUGREPORT ""
| #define PACKAGE "libusb"
| #define VERSION "0.1.12"
| #define LIBUSB_MAJOR_VERSION 0
| #define LIBUSB_MINOR_VERSION 1
| #define LIBUSB_MICRO_VERSION 12
| #define LIBUSB_INTERFACE_AGE 4
| #define LIBUSB_BINARY_AGE 8
| #define STDC_HEADERS 1
| #define HAVE_SYS_TYPES_H 1
| #define HAVE_SYS_STAT_H 1
| #define HAVE_STDLIB_H 1
| #define HAVE_STRING_H 1
| #define HAVE_MEMORY_H 1
| #define HAVE_STRINGS_H 1
| #define HAVE_INTTYPES_H 1
| #define HAVE_STDINT_H 1
| #define HAVE_UNISTD_H 1
| #define HAVE_DLFCN_H 1
| #define LINUX_API 1
| #define BSD_API 0
| #define DARWIN_API 0
| #define STDC_HEADERS 1
| #define HAVE_VPRINTF 1
| /* end confdefs.h.  */
| #include <sys/types.h>
| #include <sys/param.h>
| 
| int
| main ()
| {
| #if BYTE_ORDER != BIG_ENDIAN
|  not big endian
| #endif
| 
|   ;
|   return 0;
| }
configure:21591: result: no
configure:21633: checking limits.h usability
configure:21650: mipsel-uclibc-g++ -c -g -O2  conftest.cpp >&5
configure:21656: $? = 0
configure:21670: result: yes
configure:21674: checking limits.h presence
configure:21689: mipsel-uclibc-g++ -E  conftest.cpp
configure:21695: $? = 0
configure:21709: result: yes
configure:21737: checking for limits.h
configure:21745: result: yes
configure:21766: checking for unistd.h
configure:21772: result: yes
configure:21919: checking values.h usability
configure:21936: mipsel-uclibc-g++ -c -g -O2  conftest.cpp >&5
configure:21942: $? = 0
configure:21956: result: yes
configure:21960: checking values.h presence
configure:21975: mipsel-uclibc-g++ -E  conftest.cpp
configure:21981: $? = 0
configure:21995: result: yes
configure:22023: checking for values.h
configure:22031: result: yes
configure:22053: checking for memmove
configure:22109: mipsel-uclibc-g++ -o conftest -g -O2   conftest.cpp  >&5
configure:22115: $? = 0
configure:22133: result: yes
configure:22215: checking for pkg-config
configure:22233: found /usr/bin/pkg-config
configure:22245: result: /usr/bin/pkg-config
configure:22263: checking if we should build the documentation
configure:22272: result: auto
configure:22278: checking for jade
configure:22294: found /usr/bin/jade
configure:22305: result: jade
configure:22355: checking for Doxygen tools
configure:22359: checking for dot
configure:22406: result: not found
configure:22424: checking for doxygen
configure:22475: result: /usr/bin/doxygen
configure:22674: creating ./config.status

## ---------------------- ##
## Running config.status. ##
## ---------------------- ##

This file was extended by libusb config.status 0.1.12, which was
generated by GNU Autoconf 2.61.  Invocation command line was

  CONFIG_FILES    = 
  CONFIG_HEADERS  = 
  CONFIG_LINKS    = 
  CONFIG_COMMANDS = 
  $ ./config.status 

on localhost.localdomain

config.status:699: creating Makefile
config.status:834: WARNING:  Makefile.in seems to ignore the --datarootdir setting
config.status:699: creating doc/Makefile
config.status:834: WARNING:  doc/Makefile.in seems to ignore the --datarootdir setting
config.status:699: creating libusb.spec
config.status:699: creating libusb-config
config.status:699: creating libusb.pc
config.status:699: creating tests/Makefile
config.status:834: WARNING:  tests/Makefile.in seems to ignore the --datarootdir setting
config.status:699: creating README
config.status:699: creating INSTALL.libusb
config.status:699: creating usb.h
config.status:699: creating Doxyfile
config.status:699: creating config.h
config.status:934: config.h is unchanged
config.status:980: executing depfiles commands
config.status:980: executing default commands

## ---------------- ##
## Cache variables. ##
## ---------------- ##

ac_cv_build=i686-redhat-linux-gnu
ac_cv_c_bigendian=no
ac_cv_c_compiler_gnu=yes
ac_cv_c_const=yes
ac_cv_cxx_compiler_gnu=yes
ac_cv_env_CCC_set=
ac_cv_env_CCC_value=
ac_cv_env_CC_set=set
ac_cv_env_CC_value=mipsel-uclibc-gcc
ac_cv_env_CFLAGS_set=set
ac_cv_env_CFLAGS_value='-DBCMWPA2 -DBCMWPS -D__CONFIG_EMF__ -D__CONFIG_IGMP_PROXY__'
ac_cv_env_CPPFLAGS_set=
ac_cv_env_CPPFLAGS_value=
ac_cv_env_CPP_set=
ac_cv_env_CPP_value=
ac_cv_env_CXXCPP_set=
ac_cv_env_CXXCPP_value=
ac_cv_env_CXXFLAGS_set=
ac_cv_env_CXXFLAGS_value=
ac_cv_env_CXX_set=set
ac_cv_env_CXX_value=mipsel-uclibc-g++
ac_cv_env_F77_set=
ac_cv_env_F77_value=
ac_cv_env_FFLAGS_set=
ac_cv_env_FFLAGS_value=
ac_cv_env_LDFLAGS_set=
ac_cv_env_LDFLAGS_value=
ac_cv_env_LIBS_set=
ac_cv_env_LIBS_value=
ac_cv_env_build_alias_set=
ac_cv_env_build_alias_value=
ac_cv_env_host_alias_set=set
ac_cv_env_host_alias_value=mipsel-linux
ac_cv_env_target_alias_set=
ac_cv_env_target_alias_value=
ac_cv_f77_compiler_gnu=yes
ac_cv_func__doprnt=no
ac_cv_func_memmove=yes
ac_cv_func_vprintf=yes
ac_cv_header_dlfcn_h=yes
ac_cv_header_inttypes_h=yes
ac_cv_header_limits_h=yes
ac_cv_header_memory_h=yes
ac_cv_header_stdc=yes
ac_cv_header_stdint_h=yes
ac_cv_header_stdlib_h=yes
ac_cv_header_string_h=yes
ac_cv_header_strings_h=yes
ac_cv_header_sys_stat_h=yes
ac_cv_header_sys_types_h=yes
ac_cv_header_unistd_h=yes
ac_cv_header_values_h=yes
ac_cv_host=mipsel-unknown-linux-gnu
ac_cv_objext=o
ac_cv_path_EGREP='/bin/grep -E'
ac_cv_path_GREP=/bin/grep
ac_cv_path_PKG_CONFIG=/usr/bin/pkg-config
ac_cv_path_install='/usr/bin/install -c'
ac_cv_prog_AR=mipsel-uclibc-ar
ac_cv_prog_AWK=gawk
ac_cv_prog_CC=mipsel-uclibc-gcc
ac_cv_prog_CPP='mipsel-uclibc-gcc -E'
ac_cv_prog_CXXCPP='mipsel-uclibc-g++ -E'
ac_cv_prog_JADE=jade
ac_cv_prog_RANLIB=mipsel-uclibc-ranlib
ac_cv_prog_STRIP=mipsel-uclibc-strip
ac_cv_prog_ac_ct_F77=gfortran
ac_cv_prog_cc_c89=
ac_cv_prog_cc_g=yes
ac_cv_prog_cc_mipsel_uclibc_gcc_c_o=yes
ac_cv_prog_cxx_g=yes
ac_cv_prog_f77_g=yes
ac_cv_prog_make_make_set=yes
am_cv_CC_dependencies_compiler_type=gcc3
am_cv_CXX_dependencies_compiler_type=gcc3
libusb_cv_path=/usr/bin/doxygen
libusb_cv_path_dot=NONE
libusb_cv_path_doxygen=/usr/bin/doxygen
lt_cv_deplibs_check_method=pass_all
lt_cv_file_magic_cmd='$MAGIC_CMD'
lt_cv_file_magic_test_file='/lib/libc.so.6 /lib/libc-2.9.so'
lt_cv_ld_reload_flag=-r
lt_cv_objdir=.libs
lt_cv_path_LD=mipsel-uclibc-ld
lt_cv_path_LDCXX=mipsel-uclibc-ld
lt_cv_path_NM=mipsel-uclibc-nm
lt_cv_path_SED=/bin/sed
lt_cv_prog_compiler_c_o=yes
lt_cv_prog_compiler_c_o_CXX=yes
lt_cv_prog_compiler_c_o_F77=yes
lt_cv_prog_compiler_rtti_exceptions=no
lt_cv_prog_gnu_ld=yes
lt_cv_prog_gnu_ldcxx=yes
lt_cv_sys_global_symbol_pipe='sed -n -e '\''s/^.*[ 	]\([ABCDGIRSTW][ABCDGIRSTW]*\)[ 	][ 	]*\(\)\([_A-Za-z][_A-Za-z0-9]*\)$/\1 \2\3 \3/p'\'''
lt_cv_sys_global_symbol_to_c_name_address='sed -n -e '\''s/^: \([^ ]*\) $/  {\"\1\", (lt_ptr) 0},/p'\'' -e '\''s/^[BCDEGRST] \([^ ]*\) \([^ ]*\)$/  {"\2", (lt_ptr) \&\2},/p'\'''
lt_cv_sys_global_symbol_to_cdecl='sed -n -e '\''s/^. .* \(.*\)$/extern int \1;/p'\'''
lt_cv_sys_max_cmd_len=32768
lt_lt_cv_prog_compiler_c_o='"yes"'
lt_lt_cv_prog_compiler_c_o_CXX='"yes"'
lt_lt_cv_prog_compiler_c_o_F77='"yes"'
lt_lt_cv_sys_global_symbol_pipe='"sed -n -e '\''s/^.*[ 	]\\([ABCDGIRSTW][ABCDGIRSTW]*\\)[ 	][ 	]*\\(\\)\\([_A-Za-z][_A-Za-z0-9]*\\)\$/\\1 \\2\\3 \\3/p'\''"'
lt_lt_cv_sys_global_symbol_to_c_name_address='"sed -n -e '\''s/^: \\([^ ]*\\) \$/  {\\\"\\1\\\", (lt_ptr) 0},/p'\'' -e '\''s/^[BCDEGRST] \\([^ ]*\\) \\([^ ]*\\)\$/  {\"\\2\", (lt_ptr) \\&\\2},/p'\''"'
lt_lt_cv_sys_global_symbol_to_cdecl='"sed -n -e '\''s/^. .* \\(.*\\)\$/extern int \\1;/p'\''"'

## ----------------- ##
## Output variables. ##
## ----------------- ##

ACLOCAL='${SHELL} /root/RT-N1X/src/router/libusb/missing --run aclocal-1.8'
AMDEPBACKSLASH='\'
AMDEP_FALSE='#'
AMDEP_TRUE=''
AMTAR='${SHELL} /root/RT-N1X/src/router/libusb/missing --run tar'
AR='mipsel-uclibc-ar'
AUTOCONF='${SHELL} /root/RT-N1X/src/router/libusb/missing --run autoconf'
AUTOHEADER='${SHELL} /root/RT-N1X/src/router/libusb/missing --run autoheader'
AUTOMAKE='${SHELL} /root/RT-N1X/src/router/libusb/missing --run automake-1.8'
AWK='gawk'
BIGENDIAN='0'
BSD_API='0'
BSD_API_FALSE=''
BSD_API_TRUE='#'
BUILD_DOCS_FALSE='#'
BUILD_DOCS_TRUE=''
CC='mipsel-uclibc-gcc'
CCDEPMODE='depmode=gcc3'
CFLAGS='-DBCMWPA2 -DBCMWPS -D__CONFIG_EMF__ -D__CONFIG_IGMP_PROXY__ -Wall'
CPP='mipsel-uclibc-gcc -E'
CPPFLAGS=''
CXX='mipsel-uclibc-g++'
CXXCPP='mipsel-uclibc-g++ -E'
CXXDEPMODE='depmode=gcc3'
CXXFLAGS='-g -O2'
CYGPATH_W='echo'
DARWIN_API='0'
DARWIN_API_FALSE=''
DARWIN_API_TRUE='#'
DEFS='-DHAVE_CONFIG_H'
DEPDIR='.deps'
DOXYGEN='/usr/bin/doxygen'
DOXYGEN_PROJECT_NAME='LIBUSB C++ API Reference'
DOXYGEN_PROJECT_NUMBER='Version 0.1.12'
ECHO='echo'
ECHO_C=''
ECHO_N='-n'
ECHO_T=''
EGREP='/bin/grep -E'
EXEEXT=''
F77='gfortran'
FFLAGS='-g -O2'
GREP='/bin/grep'
INSTALL_DATA='${INSTALL} -m 644'
INSTALL_PROGRAM='${INSTALL}'
INSTALL_SCRIPT='${INSTALL}'
INSTALL_STRIP_PROGRAM='${SHELL} $(install_sh) -c -s'
JADE='jade'
LDFLAGS=''
LIBOBJS=''
LIBS=''
LIBTOOL='$(SHELL) $(top_builddir)/libtool'
LIBUSB_BINARY_AGE='8'
LIBUSB_HAS_DOXYGEN='yes'
LIBUSB_HAVE_DOT='NO'
LIBUSB_INTERFACE_AGE='4'
LIBUSB_MAJOR_VERSION='0'
LIBUSB_MICRO_VERSION='12'
LIBUSB_MINOR_VERSION='1'
LIBUSB_VERSION='0.1.12'
LINUX_API='1'
LINUX_API_FALSE='#'
LINUX_API_TRUE=''
LN_S='ln -s'
LTLIBOBJS=''
LT_AGE='4'
LT_CURRENT='8'
LT_RELEASE='0.1'
LT_REVISION='4'
MAKEINFO='${SHELL} /root/RT-N1X/src/router/libusb/missing --run makeinfo'
OBJEXT='o'
OSLIBS=''
PACKAGE='libusb'
PACKAGE_BUGREPORT=''
PACKAGE_NAME='libusb'
PACKAGE_STRING='libusb 0.1.12'
PACKAGE_TARNAME='libusb'
PACKAGE_VERSION='0.1.12'
PATH_SEPARATOR=':'
PKG_CONFIG='/usr/bin/pkg-config'
RANLIB='mipsel-uclibc-ranlib'
SET_MAKE=''
SHELL='/bin/sh'
STRIP='mipsel-uclibc-strip'
VERSION='0.1.12'
ac_ct_CC=''
ac_ct_CXX=''
ac_ct_F77='gfortran'
am__fastdepCC_FALSE='#'
am__fastdepCC_TRUE=''
am__fastdepCXX_FALSE='#'
am__fastdepCXX_TRUE=''
am__include='include'
am__leading_dot='.'
am__quote=''
bindir='${exec_prefix}/bin'
build='i686-redhat-linux-gnu'
build_alias=''
build_cpu='i686'
build_os='linux-gnu'
build_vendor='redhat'
datadir='${datarootdir}'
datarootdir='${prefix}/share'
docdir='${datarootdir}/doc/${PACKAGE_TARNAME}'
dvidir='${docdir}'
exec_prefix='${prefix}'
host='mipsel-unknown-linux-gnu'
host_alias='mipsel-linux'
host_cpu='mipsel'
host_os='linux-gnu'
host_vendor='unknown'
htmldir='${docdir}'
includedir='${prefix}/include'
infodir='${datarootdir}/info'
install_sh='/root/RT-N1X/src/router/libusb/install-sh'
libdir='${exec_prefix}/lib'
libexecdir='${exec_prefix}/libexec'
localedir='${datarootdir}/locale'
localstatedir='${prefix}/var'
mandir='${datarootdir}/man'
mkdir_p='mkdir -p -- .'
oldincludedir='/usr/include'
pdfdir='${docdir}'
pkgconfigdir='${exec_prefix}/lib/pkgconfig'
prefix='/root/RT-N1X/src/router/mipsel-uclibc/install/libusb'
program_transform_name='s,x,x,'
psdir='${docdir}'
sbindir='${exec_prefix}/sbin'
sharedstatedir='${prefix}/com'
sysconfdir='${prefix}/etc'
target_alias=''

## ----------- ##
## confdefs.h. ##
## ----------- ##

#define PACKAGE_NAME "libusb"
#define PACKAGE_TARNAME "libusb"
#define PACKAGE_VERSION "0.1.12"
#define PACKAGE_STRING "libusb 0.1.12"
#define PACKAGE_BUGREPORT ""
#define PACKAGE "libusb"
#define VERSION "0.1.12"
#define LIBUSB_MAJOR_VERSION 0
#define LIBUSB_MINOR_VERSION 1
#define LIBUSB_MICRO_VERSION 12
#define LIBUSB_INTERFACE_AGE 4
#define LIBUSB_BINARY_AGE 8
#define STDC_HEADERS 1
#define HAVE_SYS_TYPES_H 1
#define HAVE_SYS_STAT_H 1
#define HAVE_STDLIB_H 1
#define HAVE_STRING_H 1
#define HAVE_MEMORY_H 1
#define HAVE_STRINGS_H 1
#define HAVE_INTTYPES_H 1
#define HAVE_STDINT_H 1
#define HAVE_UNISTD_H 1
#define HAVE_DLFCN_H 1
#define LINUX_API 1
#define BSD_API 0
#define DARWIN_API 0
#define STDC_HEADERS 1
#define HAVE_VPRINTF 1
#define HAVE_LIMITS_H 1
#define HAVE_LIMITS_H 1
#define HAVE_UNISTD_H 1
#define HAVE_UNISTD_H 1
#define HAVE_VALUES_H 1
#define HAVE_VALUES_H 1
#define HAVE_MEMMOVE 1

configure: exit 0
